[  +22 ms] Unable to locate an Android SDK.
[   +4 ms] executing: sysctl hw.optional.arm64
[   +3 ms] Exit code 0 from: sysctl hw.optional.arm64
[        ] hw.optional.arm64: 1
[   +4 ms] Artifact Instance of 'MaterialFonts' is not required, skipping update.
[        ] Artifact Instance of 'GradleWrapper' is not required, skipping update.
[        ] Artifact Instance of 'AndroidGenSnapshotArtifacts' is not required, skipping update.
[        ] Artifact Instance of 'AndroidInternalBuildArtifacts' is not required, skipping update.
[        ] Artifact Instance of 'IOSEngineArtifacts' is not required, skipping update.
[        ] Artifact Instance of 'FlutterWebSdk' is not required, skipping update.
[        ] Artifact Instance of 'LegacyCanvasKitRemover' is not required, skipping update.
[        ] Artifact Instance of 'FlutterSdk' is not required, skipping update.
[        ] Artifact Instance of 'WindowsEngineArtifacts' is not required, skipping update.
[        ] Artifact Instance of 'MacOSEngineArtifacts' is not required, skipping update.
[        ] Artifact Instance of 'LinuxEngineArtifacts' is not required, skipping update.
[        ] Artifact Instance of 'LinuxFuchsiaSDKArtifacts' is not required, skipping update.
[        ] Artifact Instance of 'MacOSFuchsiaSDKArtifacts' is not required, skipping update.
[        ] Artifact Instance of 'FlutterRunnerSDKArtifacts' is not required, skipping update.
[        ] Artifact Instance of 'FlutterRunnerDebugSymbols' is not required, skipping update.
[        ] Artifact Instance of 'IosUsbArtifacts' is not required, skipping update.
[        ] Artifact Instance of 'IosUsbArtifacts' is not required, skipping update.
[        ] Artifact Instance of 'IosUsbArtifacts' is not required, skipping update.
[        ] Artifact Instance of 'IosUsbArtifacts' is not required, skipping update.
[        ] Artifact Instance of 'IosUsbArtifacts' is not required, skipping update.
[        ] Artifact Instance of 'IosUsbArtifacts' is not required, skipping update.
[        ] Artifact Instance of 'FontSubsetArtifacts' is not required, skipping update.
[        ] Artifact Instance of 'PubDependencies' is not required, skipping update.
[  +30 ms] executing: sysctl hw.optional.arm64
[   +2 ms] Exit code 0 from: sysctl hw.optional.arm64
[        ] hw.optional.arm64: 1
[        ] executing: /usr/bin/arch -arm64e xcrun xcodebuild -version
[  +70 ms] Exit code 0 from: /usr/bin/arch -arm64e xcrun xcodebuild -version
[        ] Xcode 16.4
           Build version 16F6
[   +1 ms] executing: /usr/bin/arch -arm64e xcrun xcdevice list --timeout 5
[   +2 ms] Artifact Instance of 'AndroidGenSnapshotArtifacts' is not required, skipping update.
[        ] Artifact Instance of 'AndroidInternalBuildArtifacts' is not required, skipping update.
[        ] Artifact Instance of 'IOSEngineArtifacts' is not required, skipping update.
[        ] Artifact Instance of 'FlutterWebSdk' is not required, skipping update.
[        ] Artifact Instance of 'FlutterEngineStamp' is not required, skipping update.
[        ] Artifact Instance of 'LegacyCanvasKitRemover' is not required, skipping update.
[        ] Artifact Instance of 'WindowsEngineArtifacts' is not required, skipping update.
[        ] Artifact Instance of 'MacOSEngineArtifacts' is not required, skipping update.
[        ] Artifact Instance of 'LinuxEngineArtifacts' is not required, skipping update.
[        ] Artifact Instance of 'LinuxFuchsiaSDKArtifacts' is not required, skipping update.
[        ] Artifact Instance of 'MacOSFuchsiaSDKArtifacts' is not required, skipping update.
[        ] Artifact Instance of 'FlutterRunnerSDKArtifacts' is not required, skipping update.
[        ] Artifact Instance of 'FlutterRunnerDebugSymbols' is not required, skipping update.
[  +14 ms] executing: /usr/bin/arch -arm64e xcrun xcdevice list --timeout 2
[        ] executing: /usr/bin/arch -arm64e xcrun simctl list devices booted
[  +69 ms] /usr/bin/arch -arm64e xcrun simctl list devices booted iOS --json
[        ] executing: /usr/bin/arch -arm64e xcrun simctl list devices booted iOS --json
[  +77 ms] {
             "devices" : {
               "com.apple.CoreSimulator.SimRuntime.iOS-18-6" : [

               ]
             }
           }
[+2402 ms] [
             {
               "simulator" : true,
               "operatingSystemVersion" : "18.6 (22G86)",
               "available" : true,
               "platform" : "com.apple.platform.iphonesimulator",
               "modelCode" : "iPad15,3",
               "identifier" : "F8F33638-0288-4442-8327-BF6D6D17AC76",
               "architecture" : "arm64",
               "modelUTI" : "com.apple.ipad-air-m3-1",
               "modelName" : "iPad Air 11-inch (M3)",
               "name" : "iPad Air 11-inch (M3)",
               "ignored" : false
             },
             {
               "simulator" : true,
               "operatingSystemVersion" : "18.6 (22G86)",
               "available" : true,
               "platform" : "com.apple.platform.iphonesimulator",
               "modelCode" : "iPad16,4",
               "identifier" : "00954353-D83C-4F20-9A18-5EE7AC83B535",
               "architecture" : "arm64",
               "modelUTI" : "com.apple.ipad-pro-m4-1",
               "modelName" : "iPad Pro 11-inch (M4)",
               "name" : "iPad Pro 11-inch (M4)",
               "ignored" : false
             },
             {
               "ignored" : false,
               "modelCode" : "iPhone17,4",
               "simulator" : false,
               "modelName" : "iPhone 16 Plus",
               "operatingSystemVersion" : "18.6.2 (22G100)",
               "identifier" : "00008140-000C496A2E47001C",
               "platform" : "com.apple.platform.iphoneos",
               "architecture" : "arm64e",
               "interface" : "usb",
               "available" : true,
               "name" : "Arvind’s iPhone",
               "modelUTI" : "com.apple.iphone-16-plus-1"
             },
             {
               "ignored" : false,
               "modelCode" : "Mac15,12",
               "simulator" : false,
               "modelName" : "MacBook Air",
               "operatingSystemVersion" : "15.5 (24F74)",
               "identifier" : "00008122-00082964346A001C",
               "platform" : "com.apple.platform.macosx",
               "architecture" : "arm64e",
               "interface" : "usb",
               "available" : true,
               "name" : "My Mac",
               "modelUTI" : "com.apple.macbookair-13-2024"
             },
             {
               "simulator" : true,
               "operatingSystemVersion" : "18.6 (22G86)",
               "available" : true,
               "platform" : "com.apple.platform.iphonesimulator",
               "modelCode" : "iPhone17,1",
               "identifier" : "B7476A4B-B1C9-4009-81B9-D58F791AAD69",
               "architecture" : "arm64",
               "modelUTI" : "com.apple.iphone-16-pro-1",
               "modelName" : "iPhone 16 Pro",
               "name" : "iPhone 16 Pro",
               "ignored" : false
             },
             {
               "simulator" : true,
               "operatingSystemVersion" : "18.6 (22G86)",
               "available" : true,
               "platform" : "com.apple.platform.iphonesimulator",
               "modelCode" : "iPad16,6",
               "identifier" : "522A789B-5BCC-47C5-8F91-22F120B84731",
               "architecture" : "arm64",
               "modelUTI" : "com.apple.ipad-pro-m4-13-1",
               "modelName" : "iPad Pro 13-inch (M4)",
               "name" : "iPad Pro 13-inch (M4)",
               "ignored" : false
             },
             {
               "simulator" : true,
               "operatingSystemVersion" : "18.6 (22G86)",
               "available" : true,
               "platform" : "com.apple.platform.iphonesimulator",
               "modelCode" : "iPhone17,4",
               "identifier" : "83D72B69-BAAE-425A-89C7-D72E100D77FF",
               "architecture" : "arm64",
               "modelUTI" : "com.apple.iphone-16-plus-1",
               "modelName" : "iPhone 16 Plus",
               "name" : "iPhone 16 Plus",
               "ignored" : false
             },
             {
               "simulator" : true,
               "operatingSystemVersion" : "18.6 (22G86)",
               "available" : true,
               "platform" : "com.apple.platform.iphonesimulator",
               "modelCode" : "iPhone17,5",
               "identifier" : "CA0DE245-12B6-4B9C-B013-D4529C4787EC",
               "architecture" : "arm64",
               "modelUTI" : "com.apple.iphone-16-e-1",
               "modelName" : "iPhone 16e",
               "name" : "iPhone 16e",
               "ignored" : false
             },
             {
               "simulator" : true,
               "operatingSystemVersion" : "18.6 (22G86)",
               "available" : true,
               "platform" : "com.apple.platform.iphonesimulator",
               "modelCode" : "iPhone17,3",
               "identifier" : "4D5CEB18-83EB-45BE-9C9A-7E39D4F2FDCE",
               "architecture" : "arm64",
               "modelUTI" : "com.apple.iphone-16-1",
               "modelName" : "iPhone 16",
               "name" : "iPhone 16",
               "ignored" : false
             },
             {
               "simulator" : true,
               "operatingSystemVersion" : "18.6 (22G86)",
               "available" : true,
               "platform" : "com.apple.platform.iphonesimulator",
               "modelCode" : "iPad15,7",
               "identifier" : "252822B7-75CB-498C-B58B-EFE2670E9F87",
               "architecture" : "arm64",
               "modelUTI" : "com.apple.ipad-a16-1",
               "modelName" : "iPad (A16)",
               "name" : "iPad (A16)",
               "ignored" : false
             },
             {
               "simulator" : true,
               "operatingSystemVersion" : "18.6 (22G86)",
               "available" : true,
               "platform" : "com.apple.platform.iphonesimulator",
               "modelCode" : "iPad16,2",
               "identifier" : "9AF76EB2-12CB-4C8C-BC96-C24960593489",
               "architecture" : "arm64",
               "modelUTI" : "com.apple.ipad-mini-a17-1",
               "modelName" : "iPad mini (A17 Pro)",
               "name" : "iPad mini (A17 Pro)",
               "ignored" : false
             },
             {
               "simulator" : true,
               "operatingSystemVersion" : "18.6 (22G86)",
               "available" : true,
               "platform" : "com.apple.platform.iphonesimulator",
               "modelCode" : "iPad15,5",
               "identifier" : "F597BD5F-78C2-45F9-AC17-D8069DC32F47",
               "architecture" : "arm64",
               "modelUTI" : "com.apple.ipad-air-m3-13-1",
               "modelName" : "iPad Air 13-inch (M3)",
               "name" : "iPad Air 13-inch (M3)",
               "ignored" : false
             },
             {
               "simulator" : true,
               "operatingSystemVersion" : "18.6 (22G86)",
               "available" : true,
               "platform" : "com.apple.platform.iphonesimulator",
               "modelCode" : "iPhone17,2",
               "identifier" : "6B899DCE-5B62-4CD7-8B4D-240ADE15AE1B",
               "architecture" : "arm64",
               "modelUTI" : "com.apple.iphone-16-pro-max-1",
               "modelName" : "iPhone 16 Pro Max",
               "name" : "iPhone 16 Pro Max",
               "ignored" : false
             }
           ]
[   +2 ms] executing: /usr/bin/arch -arm64e xcrun devicectl --version
[  +38 ms] executing: /usr/bin/arch -arm64e xcrun devicectl list devices --timeout 5 --json-output /var/folders/dn/xzf372d57g50fp90gx9mwgzw0000gn/T/flutter_tools.cqLjzN/core_devices.mFYF2Z/core_device_list.json
[  +37 ms] Name              Hostname                                     Identifier                             State                Model                      
           ---------------   ------------------------------------------   ------------------------------------   ------------------   ---------------------------
           Arvind’s iPhone   00008140-000C496A2E47001C.coredevice.local   AFD6D684-84E5-541A-BD80-3CD9B188C32D   available (paired)   iPhone 16 Plus (iPhone17,4)
[        ] {
             "info" : {
               "arguments" : [
                 "devicectl",
                 "list",
                 "devices",
                 "--timeout",
                 "5",
                 "--json-output",
                 "/var/folders/dn/xzf372d57g50fp90gx9mwgzw0000gn/T/flutter_tools.cqLjzN/core_devices.mFYF2Z/core_device_list.json"
               ],
               "commandType" : "devicectl.list.devices",
               "environment" : {
                 "TERM" : "xterm-256color"
               },
               "jsonVersion" : 2,
               "outcome" : "success",
               "version" : "443.24"
             },
             "result" : {
               "devices" : [
                 {
                   "capabilities" : [
                     {
                       "featureIdentifier" : "com.apple.coredevice.feature.acquireusageassertion",
                       "name" : "Acquire Usage Assertion"
                     },
                     {
                       "featureIdentifier" : "com.apple.coredevice.feature.connectdevice",
                       "name" : "Connect to Device"
                     },
                     {
                       "featureIdentifier" : "com.apple.coredevice.feature.tags",
                       "name" : "Modify Tags"
                     },
                     {
                       "featureIdentifier" : "com.apple.coredevice.feature.unpairdevice",
                       "name" : "Unpair Device"
                     }
                   ],
                   "connectionProperties" : {
                     "authenticationType" : "manualPairing",
                     "isMobileDeviceOnly" : false,
                     "lastConnectionDate" : "2025-09-13T16:19:06.560Z",
                     "pairingState" : "paired",
                     "potentialHostnames" : [
                       "00008140-000C496A2E47001C.coredevice.local",
                       "AFD6D684-84E5-541A-BD80-3CD9B188C32D.coredevice.local"
                     ],
                     "transportType" : "localNetwork",
                     "tunnelState" : "disconnected",
                     "tunnelTransportProtocol" : "tcp"
                   },
                   "deviceProperties" : {
                     "bootedFromSnapshot" : true,
                     "bootedSnapshotName" : "com.apple.os.update-323551C3B4DA0B9450D4897CDFC5E7AEA60BC50D5E7124032104BA0F38D06119",
                     "ddiServicesAvailable" : false,
                     "developerModeStatus" : "enabled",
                     "hasInternalOSBuild" : false,
                     "name" : "Arvind’s iPhone",
                     "osBuildUpdate" : "22G100",
                     "osVersionNumber" : "18.6.2",
                     "rootFileSystemIsWritable" : false
                   },
                   "hardwareProperties" : {
                     "authListingIdentifiers" : {
                       "APProductionMode" : true,
                       "ApECID" : 3458420112293916,
                       "BMU,UniqueID" : 1539195508,
                       "BbSNUM" : "0xf9cb7351",
                       "BoardID" : 10,
                       "ChipID" : 33088,
                       "HardwareModel" : "D48AP",
                       "Rap,ECID" : "0x00740516401244ce",
                       "SE,ID" : "0x044a2cdb712290024237031586327922ffc7ca28f4b9995d",
                       "Savage,UID" : "0x391281460c977b9a79d5c2b96d2e3601",
                       "SerialNumber" : "JH6LNW2RYX",
                       "Yonkers,ECID" : "0xce486ae65ab24e7e57881ab0b79081cf",
                       "eUICC,EID" : "89049032007408882600196006381484"
                     },
                     "cpuType" : {
                       "name" : "arm64e",
                       "subType" : 2,
                       "type" : 16777228
                     },
                     "deviceType" : "iPhone",
                     "ecid" : 3458420112293916,
                     "hardwareModel" : "D48AP",
                     "internalStorageCapacity" : 128000000000,
                     "isProductionFused" : true,
                     "marketingName" : "iPhone 16 Plus",
                     "platform" : "iOS",
                     "productType" : "iPhone17,4",
                     "reality" : "physical",
                     "serialNumber" : "JH6LNW2RYX",
                     "supportedCPUTypes" : [
                       {
                         "name" : "arm64e",
                         "subType" : 2,
                         "type" : 16777228
                       },
                       {
                         "name" : "arm64",
                         "subType" : 0,
                         "type" : 16777228
                       },
                       {
                         "name" : "arm64",
                         "subType" : 1,
                         "type" : 16777228
                       },
                       {
                         "name" : "arm64_32",
                         "subType" : 1,
                         "type" : 33554444
                       }
                     ],
                     "supportedDeviceFamilies" : [
                       1
                     ],
                     "thinningProductType" : "iPhone17,4",
                     "udid" : "00008140-000C496A2E47001C"
                   },
                   "identifier" : "AFD6D684-84E5-541A-BD80-3CD9B188C32D",
                   "tags" : [

                   ],
                   "visibilityClass" : "default"
                 }
               ]
             }
           }

[   +3 ms] Artifact Instance of 'MaterialFonts' is not required, skipping update.
[        ] Artifact Instance of 'GradleWrapper' is not required, skipping update.
[        ] Artifact Instance of 'AndroidGenSnapshotArtifacts' is not required, skipping update.
[        ] Artifact Instance of 'AndroidInternalBuildArtifacts' is not required, skipping update.
[        ] Artifact Instance of 'IOSEngineArtifacts' is not required, skipping update.
[        ] Artifact Instance of 'FlutterWebSdk' is not required, skipping update.
[        ] Artifact Instance of 'FlutterEngineStamp' is not required, skipping update.
[        ] Artifact Instance of 'LegacyCanvasKitRemover' is not required, skipping update.
[        ] Artifact Instance of 'FlutterSdk' is not required, skipping update.
[        ] Artifact Instance of 'WindowsEngineArtifacts' is not required, skipping update.
[        ] Artifact Instance of 'MacOSEngineArtifacts' is not required, skipping update.
[        ] Artifact Instance of 'LinuxEngineArtifacts' is not required, skipping update.
[        ] Artifact Instance of 'LinuxFuchsiaSDKArtifacts' is not required, skipping update.
[        ] Artifact Instance of 'MacOSFuchsiaSDKArtifacts' is not required, skipping update.
[        ] Artifact Instance of 'FlutterRunnerSDKArtifacts' is not required, skipping update.
[        ] Artifact Instance of 'FlutterRunnerDebugSymbols' is not required, skipping update.
[        ] Artifact Instance of 'IosUsbArtifacts' is not required, skipping update.
[        ] Artifact Instance of 'IosUsbArtifacts' is not required, skipping update.
[        ] Artifact Instance of 'IosUsbArtifacts' is not required, skipping update.
[        ] Artifact Instance of 'IosUsbArtifacts' is not required, skipping update.
[        ] Artifact Instance of 'IosUsbArtifacts' is not required, skipping update.
[        ] Artifact Instance of 'IosUsbArtifacts' is not required, skipping update.
[        ] Artifact Instance of 'FontSubsetArtifacts' is not required, skipping update.
[        ] Artifact Instance of 'PubDependencies' is not required, skipping update.
[        ] Changing current working directory to: /Users/arvindrao/loop
[   +4 ms] No devices found yet. Checking for wireless devices...
[+2912 ms] [
             {
               "simulator" : true,
               "operatingSystemVersion" : "18.6 (22G86)",
               "available" : true,
               "platform" : "com.apple.platform.iphonesimulator",
               "modelCode" : "iPad15,3",
               "identifier" : "F8F33638-0288-4442-8327-BF6D6D17AC76",
               "architecture" : "arm64",
               "modelUTI" : "com.apple.ipad-air-m3-1",
               "modelName" : "iPad Air 11-inch (M3)",
               "name" : "iPad Air 11-inch (M3)",
               "ignored" : false
             },
             {
               "simulator" : true,
               "operatingSystemVersion" : "18.6 (22G86)",
               "available" : true,
               "platform" : "com.apple.platform.iphonesimulator",
               "modelCode" : "iPad16,4",
               "identifier" : "00954353-D83C-4F20-9A18-5EE7AC83B535",
               "architecture" : "arm64",
               "modelUTI" : "com.apple.ipad-pro-m4-1",
               "modelName" : "iPad Pro 11-inch (M4)",
               "name" : "iPad Pro 11-inch (M4)",
               "ignored" : false
             },
             {
               "ignored" : false,
               "modelCode" : "iPhone17,4",
               "simulator" : false,
               "modelName" : "iPhone 16 Plus",
               "operatingSystemVersion" : "18.6.2 (22G100)",
               "identifier" : "00008140-000C496A2E47001C",
               "platform" : "com.apple.platform.iphoneos",
               "architecture" : "arm64e",
               "interface" : "usb",
               "available" : true,
               "name" : "Arvind’s iPhone",
               "modelUTI" : "com.apple.iphone-16-plus-1"
             },
             {
               "ignored" : false,
               "modelCode" : "Mac15,12",
               "simulator" : false,
               "modelName" : "MacBook Air",
               "operatingSystemVersion" : "15.5 (24F74)",
               "identifier" : "00008122-00082964346A001C",
               "platform" : "com.apple.platform.macosx",
               "architecture" : "arm64e",
               "interface" : "usb",
               "available" : true,
               "name" : "My Mac",
               "modelUTI" : "com.apple.macbookair-13-2024"
             },
             {
               "simulator" : true,
               "operatingSystemVersion" : "18.6 (22G86)",
               "available" : true,
               "platform" : "com.apple.platform.iphonesimulator",
               "modelCode" : "iPhone17,1",
               "identifier" : "B7476A4B-B1C9-4009-81B9-D58F791AAD69",
               "architecture" : "arm64",
               "modelUTI" : "com.apple.iphone-16-pro-1",
               "modelName" : "iPhone 16 Pro",
               "name" : "iPhone 16 Pro",
               "ignored" : false
             },
             {
               "simulator" : true,
               "operatingSystemVersion" : "18.6 (22G86)",
               "available" : true,
               "platform" : "com.apple.platform.iphonesimulator",
               "modelCode" : "iPad16,6",
               "identifier" : "522A789B-5BCC-47C5-8F91-22F120B84731",
               "architecture" : "arm64",
               "modelUTI" : "com.apple.ipad-pro-m4-13-1",
               "modelName" : "iPad Pro 13-inch (M4)",
               "name" : "iPad Pro 13-inch (M4)",
               "ignored" : false
             },
             {
               "simulator" : true,
               "operatingSystemVersion" : "18.6 (22G86)",
               "available" : true,
               "platform" : "com.apple.platform.iphonesimulator",
               "modelCode" : "iPhone17,4",
               "identifier" : "83D72B69-BAAE-425A-89C7-D72E100D77FF",
               "architecture" : "arm64",
               "modelUTI" : "com.apple.iphone-16-plus-1",
               "modelName" : "iPhone 16 Plus",
               "name" : "iPhone 16 Plus",
               "ignored" : false
             },
             {
               "simulator" : true,
               "operatingSystemVersion" : "18.6 (22G86)",
               "available" : true,
               "platform" : "com.apple.platform.iphonesimulator",
               "modelCode" : "iPhone17,5",
               "identifier" : "CA0DE245-12B6-4B9C-B013-D4529C4787EC",
               "architecture" : "arm64",
               "modelUTI" : "com.apple.iphone-16-e-1",
               "modelName" : "iPhone 16e",
               "name" : "iPhone 16e",
               "ignored" : false
             },
             {
               "simulator" : true,
               "operatingSystemVersion" : "18.6 (22G86)",
               "available" : true,
               "platform" : "com.apple.platform.iphonesimulator",
               "modelCode" : "iPhone17,3",
               "identifier" : "4D5CEB18-83EB-45BE-9C9A-7E39D4F2FDCE",
               "architecture" : "arm64",
               "modelUTI" : "com.apple.iphone-16-1",
               "modelName" : "iPhone 16",
               "name" : "iPhone 16",
               "ignored" : false
             },
             {
               "simulator" : true,
               "operatingSystemVersion" : "18.6 (22G86)",
               "available" : true,
               "platform" : "com.apple.platform.iphonesimulator",
               "modelCode" : "iPad15,7",
               "identifier" : "252822B7-75CB-498C-B58B-EFE2670E9F87",
               "architecture" : "arm64",
               "modelUTI" : "com.apple.ipad-a16-1",
               "modelName" : "iPad (A16)",
               "name" : "iPad (A16)",
               "ignored" : false
             },
             {
               "simulator" : true,
               "operatingSystemVersion" : "18.6 (22G86)",
               "available" : true,
               "platform" : "com.apple.platform.iphonesimulator",
               "modelCode" : "iPad16,2",
               "identifier" : "9AF76EB2-12CB-4C8C-BC96-C24960593489",
               "architecture" : "arm64",
               "modelUTI" : "com.apple.ipad-mini-a17-1",
               "modelName" : "iPad mini (A17 Pro)",
               "name" : "iPad mini (A17 Pro)",
               "ignored" : false
             },
             {
               "simulator" : true,
               "operatingSystemVersion" : "18.6 (22G86)",
               "available" : true,
               "platform" : "com.apple.platform.iphonesimulator",
               "modelCode" : "iPad15,5",
               "identifier" : "F597BD5F-78C2-45F9-AC17-D8069DC32F47",
               "architecture" : "arm64",
               "modelUTI" : "com.apple.ipad-air-m3-13-1",
               "modelName" : "iPad Air 13-inch (M3)",
               "name" : "iPad Air 13-inch (M3)",
               "ignored" : false
             },
             {
               "simulator" : true,
               "operatingSystemVersion" : "18.6 (22G86)",
               "available" : true,
               "platform" : "com.apple.platform.iphonesimulator",
               "modelCode" : "iPhone17,2",
               "identifier" : "6B899DCE-5B62-4CD7-8B4D-240ADE15AE1B",
               "architecture" : "arm64",
               "modelUTI" : "com.apple.iphone-16-pro-max-1",
               "modelName" : "iPhone 16 Pro Max",
               "name" : "iPhone 16 Pro Max",
               "ignored" : false
             }
           ]
[   +1 ms] executing: /usr/bin/arch -arm64e xcrun devicectl list devices --timeout 5 --json-output /var/folders/dn/xzf372d57g50fp90gx9mwgzw0000gn/T/flutter_tools.cqLjzN/core_devices.Bs16ZI/core_device_list.json
[  +42 ms] Name              Hostname                                     Identifier                             State                Model                      
           ---------------   ------------------------------------------   ------------------------------------   ------------------   ---------------------------
           Arvind’s iPhone   00008140-000C496A2E47001C.coredevice.local   AFD6D684-84E5-541A-BD80-3CD9B188C32D   available (paired)   iPhone 16 Plus (iPhone17,4)
[        ] {
             "info" : {
               "arguments" : [
                 "devicectl",
                 "list",
                 "devices",
                 "--timeout",
                 "5",
                 "--json-output",
                 "/var/folders/dn/xzf372d57g50fp90gx9mwgzw0000gn/T/flutter_tools.cqLjzN/core_devices.Bs16ZI/core_device_list.json"
               ],
               "commandType" : "devicectl.list.devices",
               "environment" : {
                 "TERM" : "xterm-256color"
               },
               "jsonVersion" : 2,
               "outcome" : "success",
               "version" : "443.24"
             },
             "result" : {
               "devices" : [
                 {
                   "capabilities" : [
                     {
                       "featureIdentifier" : "com.apple.coredevice.feature.acquireusageassertion",
                       "name" : "Acquire Usage Assertion"
                     },
                     {
                       "featureIdentifier" : "com.apple.coredevice.feature.connectdevice",
                       "name" : "Connect to Device"
                     },
                     {
                       "featureIdentifier" : "com.apple.coredevice.feature.tags",
                       "name" : "Modify Tags"
                     },
                     {
                       "featureIdentifier" : "com.apple.coredevice.feature.unpairdevice",
                       "name" : "Unpair Device"
                     }
                   ],
                   "connectionProperties" : {
                     "authenticationType" : "manualPairing",
                     "isMobileDeviceOnly" : false,
                     "lastConnectionDate" : "2025-09-13T16:19:06.560Z",
                     "pairingState" : "paired",
                     "potentialHostnames" : [
                       "00008140-000C496A2E47001C.coredevice.local",
                       "AFD6D684-84E5-541A-BD80-3CD9B188C32D.coredevice.local"
                     ],
                     "transportType" : "localNetwork",
                     "tunnelState" : "disconnected",
                     "tunnelTransportProtocol" : "tcp"
                   },
                   "deviceProperties" : {
                     "bootedFromSnapshot" : true,
                     "bootedSnapshotName" : "com.apple.os.update-323551C3B4DA0B9450D4897CDFC5E7AEA60BC50D5E7124032104BA0F38D06119",
                     "ddiServicesAvailable" : false,
                     "developerModeStatus" : "enabled",
                     "hasInternalOSBuild" : false,
                     "name" : "Arvind’s iPhone",
                     "osBuildUpdate" : "22G100",
                     "osVersionNumber" : "18.6.2",
                     "rootFileSystemIsWritable" : false
                   },
                   "hardwareProperties" : {
                     "authListingIdentifiers" : {
                       "APProductionMode" : true,
                       "ApECID" : 3458420112293916,
                       "BMU,UniqueID" : 1539195508,
                       "BbSNUM" : "0xf9cb7351",
                       "BoardID" : 10,
                       "ChipID" : 33088,
                       "HardwareModel" : "D48AP",
                       "Rap,ECID" : "0x00740516401244ce",
                       "SE,ID" : "0x044a2cdb712290024237031586327922ffc7ca28f4b9995d",
                       "Savage,UID" : "0x391281460c977b9a79d5c2b96d2e3601",
                       "SerialNumber" : "JH6LNW2RYX",
                       "Yonkers,ECID" : "0xce486ae65ab24e7e57881ab0b79081cf",
                       "eUICC,EID" : "89049032007408882600196006381484"
                     },
                     "cpuType" : {
                       "name" : "arm64e",
                       "subType" : 2,
                       "type" : 16777228
                     },
                     "deviceType" : "iPhone",
                     "ecid" : 3458420112293916,
                     "hardwareModel" : "D48AP",
                     "internalStorageCapacity" : 128000000000,
                     "isProductionFused" : true,
                     "marketingName" : "iPhone 16 Plus",
                     "platform" : "iOS",
                     "productType" : "iPhone17,4",
                     "reality" : "physical",
                     "serialNumber" : "JH6LNW2RYX",
                     "supportedCPUTypes" : [
                       {
                         "name" : "arm64e",
                         "subType" : 2,
                         "type" : 16777228
                       },
                       {
                         "name" : "arm64",
                         "subType" : 0,
                         "type" : 16777228
                       },
                       {
                         "name" : "arm64",
                         "subType" : 1,
                         "type" : 16777228
                       },
                       {
                         "name" : "arm64_32",
                         "subType" : 1,
                         "type" : 33554444
                       }
                     ],
                     "supportedDeviceFamilies" : [
                       1
                     ],
                     "thinningProductType" : "iPhone17,4",
                     "udid" : "00008140-000C496A2E47001C"
                   },
                   "identifier" : "AFD6D684-84E5-541A-BD80-3CD9B188C32D",
                   "tags" : [

                   ],
                   "visibilityClass" : "default"
                 }
               ]
             }
           }

[   +2 ms] No supported devices found with name or id matching 'iPhone 16 Plus'.
[        ] The following devices were found:
[        ] executing: sw_vers -productName
[   +7 ms] Exit code 0 from: sw_vers -productName
[        ] macOS
[        ] executing: sw_vers -productVersion
[   +5 ms] Exit code 0 from: sw_vers -productVersion
[        ] 15.5
[        ] executing: sw_vers -buildVersion
[   +5 ms] Exit code 0 from: sw_vers -buildVersion
[        ] 24F74
[        ] executing: uname -m
[   +2 ms] Exit code 0 from: uname -m
[        ] arm64
[  +21 ms] Arvind’s iPhone (wireless) (mobile) • 00008140-000C496A2E47001C • ios            • iOS 18.6.2 22G100
[        ] macOS (desktop)                     • macos                     • darwin-arm64   • macOS 15.5 24F74 darwin-arm64
[        ] Chrome (web)                        • chrome                    • web-javascript • Google Chrome 140.0.7339.133
[        ] "flutter run" took 5,743ms.
[  +16 ms] 
           #0      throwToolExit (package:flutter_tools/src/base/common.dart:34:3)
           #1      RunCommand.validateCommand (package:flutter_tools/src/commands/run.dart:645:7)
           <asynchronous suspension>
           #2      FlutterCommand.verifyThenRunCommand (package:flutter_tools/src/runner/flutter_command.dart:1878:5)
           <asynchronous suspension>
           #3      FlutterCommand.run.<anonymous closure> (package:flutter_tools/src/runner/flutter_command.dart:1581:27)
           <asynchronous suspension>
           #4      AppContext.run.<anonymous closure> (package:flutter_tools/src/base/context.dart:154:19)
           <asynchronous suspension>
           #5      CommandRunner.runCommand (package:args/command_runner.dart:212:13)
           <asynchronous suspension>
           #6      FlutterCommandRunner.runCommand.<anonymous closure> (package:flutter_tools/src/runner/flutter_command_runner.dart:503:9)
           <asynchronous suspension>
           #7      AppContext.run.<anonymous closure> (package:flutter_tools/src/base/context.dart:154:19)
           <asynchronous suspension>
           #8      FlutterCommandRunner.runCommand (package:flutter_tools/src/runner/flutter_command_runner.dart:438:5)
           <asynchronous suspension>
           #9      run.<anonymous closure>.<anonymous closure> (package:flutter_tools/runner.dart:98:11)
           <asynchronous suspension>
           #10     AppContext.run.<anonymous closure> (package:flutter_tools/src/base/context.dart:154:19)
           <asynchronous suspension>
           #11     main (package:flutter_tools/executable.dart:101:3)
           <asynchronous suspension>


[        ] Running 3 shutdown hooks
[        ] Shutdown hooks complete
[  +50 ms] exiting with code 1
